string(1998) "{
    pageType:'',
    pageid:'laputa20140721212446',
    pageScene:'dsc',
    offerid:'617369135817',
    catid:'1037012',
    dcatid:'',
    parentdcatid:'',
    isRangePriceSku:'true',
    isSKUOffer:'true',
    isStdProductOffer: 'false',
    isPreSale: 'false',
    memberid:'b2b-2206836619382756a6',
    loginId:'轻衣服装商行',
    islogin:'true',
    buyerUserID:'b2b-10577770dda1c',
    isBestOffer: 'false',
    isChtMember: "false",
    isTP:'true',
    isSlsjSeller:'false',
    loginurl:'',
    feedbackMemberLevel:'common',
    feedbackUid:'b2b-2206836619382756a6',
    feedbackFromId:'b2b-10577770dda1c',
    feedbackInfoId:'617369135817',
    creditProfileUrl: 'http://levit.1688.com/profile/creditProfile.json',
    topDomainTpl:'',
    unit:'件',
    priceUnit:'元',
    isPreview:'false',
    isVirtualCat:'false',
    isLadderGroup : '',
    serverInfo:'detail.1688.com',
    laputaServer:'https://laputa.1688.com',
    detailServer:'https://detail.1688.com',
    refPrice:'5.80',
    beginAmount:'30',
    mergeVariable: 'asyncResourcesAliimg',
    currentTime:'1588671350711',
    isAccessSpecialSuppy:'true',
    designServer: 'https://design.1688.com',
    alibabaServer:'https://exodus.1688.com',
    domainType:'',
    sourceType:'freebuynowoffer',
    companySiteLink:'//shop9978j95v78584.1688.com',
    hasConsignPrice:'false',
    staticUrl:'https://laputa.1688.com/offer/ajax/widgetList.do',
    mkcActivityId:'',
    mkcActivityStartTime:'',
            qrcode:'https://gqrcode.alicdn.com/img?type=ali&amp;w=150&amp;h=150&amp;el=m&amp;text=http%3A%2F%2Fma.m.1688.com%2Frush.html%3Fsecret%3DaV9lNorB',
        minqrcode:'https://gqrcode.alicdn.com/img?type=ali&amp;w=46&amp;h=46&amp;el=m&amp;text=http%3A%2F%2Fma.m.1688.com%2Frush.html%3Fsecret%3DaV9lNorB',
        officialActivityId:'',
    userId:'2206836619382',
    _csrf_token:'7e4866286c160602dca5dd17ef93330e',
    isTopDomain:'false',
    end:0
}"
NULL
